app/build/intermediates/manifest_merge_blame_file/debug/manifest-merger-blame-debug-report.txt
1<?xml version="1.0" encoding="utf-8"?>
2<manifest xmlns:android="http://schemas.android.com/apk/res/android"
3    package="com.example.face2face"
4    android:versionCode="1"
5    android:versionName="1.0" >
6
7    <uses-sdk
8        android:minSdkVersion="23"
8-->src\main\AndroidManifest.xml
9        android:targetSdkVersion="30" />
9-->src\main\AndroidManifest.xml
10
11    <uses-permission android:name="android.permission.INTERNET" />
11-->src\main\AndroidManifest.xml:46:5-67
11-->src\main\AndroidManifest.xml:46:22-64
12
13    <!-- XXX ACCESS_NETWORK_STATE is required by WebRTC. -->
14    <uses-permission android:name="android.permission.ACCESS_NETWORK_STATE" />
14-->[org.jitsi.react:jitsi-meet-sdk:3.10.2] AndroidManifest.xml:10:5-79
14-->[org.jitsi.react:jitsi-meet-sdk:3.10.2] AndroidManifest.xml:10:22-76
15    <uses-permission android:name="android.permission.BLUETOOTH" />
15-->[org.jitsi.react:jitsi-meet-sdk:3.10.2] AndroidManifest.xml:11:5-68
15-->[org.jitsi.react:jitsi-meet-sdk:3.10.2] AndroidManifest.xml:11:22-65
16    <uses-permission android:name="android.permission.CAMERA" />
16-->[org.jitsi.react:jitsi-meet-sdk:3.10.2] AndroidManifest.xml:12:5-65
16-->[org.jitsi.react:jitsi-meet-sdk:3.10.2] AndroidManifest.xml:12:22-62
17    <uses-permission android:name="android.permission.MANAGE_OWN_CALLS" />
17-->[org.jitsi.react:jitsi-meet-sdk:3.10.2] AndroidManifest.xml:14:5-75
17-->[org.jitsi.react:jitsi-meet-sdk:3.10.2] AndroidManifest.xml:14:22-72
18    <uses-permission android:name="android.permission.MODIFY_AUDIO_SETTINGS" />
18-->[org.jitsi.react:jitsi-meet-sdk:3.10.2] AndroidManifest.xml:15:5-80
18-->[org.jitsi.react:jitsi-meet-sdk:3.10.2] AndroidManifest.xml:15:22-77
19    <uses-permission android:name="android.permission.RECORD_AUDIO" />
19-->[org.jitsi.react:jitsi-meet-sdk:3.10.2] AndroidManifest.xml:16:5-71
19-->[org.jitsi.react:jitsi-meet-sdk:3.10.2] AndroidManifest.xml:16:22-68
20    <uses-permission android:name="android.permission.SYSTEM_ALERT_WINDOW" />
20-->[org.jitsi.react:jitsi-meet-sdk:3.10.2] AndroidManifest.xml:17:5-78
20-->[org.jitsi.react:jitsi-meet-sdk:3.10.2] AndroidManifest.xml:17:22-75
21    <uses-permission android:name="android.permission.WAKE_LOCK" />
21-->[org.jitsi.react:jitsi-meet-sdk:3.10.2] AndroidManifest.xml:18:5-68
21-->[org.jitsi.react:jitsi-meet-sdk:3.10.2] AndroidManifest.xml:18:22-65
22    <uses-permission android:name="android.permission.ACCESS_WIFI_STATE" />
22-->[org.jitsi.react:jitsi-meet-sdk:3.10.2] AndroidManifest.xml:19:5-76
22-->[org.jitsi.react:jitsi-meet-sdk:3.10.2] AndroidManifest.xml:19:22-73
23    <uses-permission android:name="android.permission.FOREGROUND_SERVICE" />
23-->[org.jitsi.react:jitsi-meet-sdk:3.10.2] AndroidManifest.xml:20:5-77
23-->[org.jitsi.react:jitsi-meet-sdk:3.10.2] AndroidManifest.xml:20:22-74
24
25    <uses-feature
25-->[org.jitsi.react:jitsi-meet-sdk:3.10.2] AndroidManifest.xml:22:5-24:35
26        android:glEsVersion="0x00020000"
26-->[org.jitsi.react:jitsi-meet-sdk:3.10.2] AndroidManifest.xml:23:9-41
27        android:required="true" />
27-->[org.jitsi.react:jitsi-meet-sdk:3.10.2] AndroidManifest.xml:24:9-32
28    <uses-feature
28-->[org.jitsi.react:jitsi-meet-sdk:3.10.2] AndroidManifest.xml:25:5-27:36
29        android:name="android.hardware.camera"
29-->[org.jitsi.react:jitsi-meet-sdk:3.10.2] AndroidManifest.xml:26:9-47
30        android:required="false" />
30-->[org.jitsi.react:jitsi-meet-sdk:3.10.2] AndroidManifest.xml:27:9-33
31    <uses-feature
31-->[org.jitsi.react:jitsi-meet-sdk:3.10.2] AndroidManifest.xml:28:5-30:36
32        android:name="android.hardware.camera.autofocus"
32-->[org.jitsi.react:jitsi-meet-sdk:3.10.2] AndroidManifest.xml:29:9-57
33        android:required="false" />
33-->[org.jitsi.react:jitsi-meet-sdk:3.10.2] AndroidManifest.xml:30:9-33
34
35    <uses-permission android:name="android.permission.WRITE_CALENDAR" />
35-->[com.facebook.react:react-native-calendar-events:2.0.0-jitsi-8711917] AndroidManifest.xml:11:5-73
35-->[com.facebook.react:react-native-calendar-events:2.0.0-jitsi-8711917] AndroidManifest.xml:11:22-70
36    <uses-permission android:name="android.permission.READ_CALENDAR" /> <!-- Required by older versions of Google Play services to create IID tokens -->
36-->[com.facebook.react:react-native-calendar-events:2.0.0-jitsi-8711917] AndroidManifest.xml:12:5-72
36-->[com.facebook.react:react-native-calendar-events:2.0.0-jitsi-8711917] AndroidManifest.xml:12:22-69
37    <uses-permission android:name="com.google.android.c2dm.permission.RECEIVE" />
37-->[com.google.firebase:firebase-iid:21.0.1] AndroidManifest.xml:26:5-82
37-->[com.google.firebase:firebase-iid:21.0.1] AndroidManifest.xml:26:22-79
38    <uses-permission android:name="com.google.android.finsky.permission.BIND_GET_INSTALL_REFERRER_SERVICE" />
38-->[com.android.installreferrer:installreferrer:1.1.2] AndroidManifest.xml:9:5-110
38-->[com.android.installreferrer:installreferrer:1.1.2] AndroidManifest.xml:9:22-107
39
40    <application
40-->src\main\AndroidManifest.xml:6:5-44:19
41        android:allowBackup="true"
41-->src\main\AndroidManifest.xml:7:9-35
42        android:appComponentFactory="androidx.core.app.CoreComponentFactory"
42-->[androidx.core:core:1.3.1] AndroidManifest.xml:24:18-86
43        android:debuggable="true"
44        android:extractNativeLibs="false"
45        android:icon="@mipmap/ic_launcher"
45-->src\main\AndroidManifest.xml:8:9-43
46        android:label="@string/app_name"
46-->src\main\AndroidManifest.xml:9:9-41
47        android:roundIcon="@mipmap/ic_launcher_round"
47-->src\main\AndroidManifest.xml:10:9-54
48        android:supportsRtl="true"
48-->src\main\AndroidManifest.xml:11:9-35
49        android:testOnly="true"
50        android:theme="@style/Theme.Face2Face"
50-->src\main\AndroidManifest.xml:12:9-47
51        android:usesCleartextTraffic="true" >
51-->src\main\AndroidManifest.xml:13:9-44
52        <activity
52-->src\main\AndroidManifest.xml:15:9-16:61
53            android:name="com.example.face2face.activities.OutgoingInvitationActivity"
53-->src\main\AndroidManifest.xml:15:19-72
54            android:screenOrientation="portrait" />
54-->src\main\AndroidManifest.xml:16:13-49
55        <activity
55-->src\main\AndroidManifest.xml:17:9-18:51
56            android:name="com.example.face2face.activities.IncomingInvitationActivity"
56-->src\main\AndroidManifest.xml:17:19-72
57            android:screenOrientation="portrait" />
57-->src\main\AndroidManifest.xml:18:13-49
58        <activity
58-->src\main\AndroidManifest.xml:19:9-28:20
59            android:name="com.example.face2face.activities.SignInActivity"
59-->src\main\AndroidManifest.xml:20:13-54
60            android:screenOrientation="portrait"
60-->src\main\AndroidManifest.xml:21:13-49
61            android:windowSoftInputMode="adjustResize" >
61-->src\main\AndroidManifest.xml:22:13-55
62            <intent-filter>
62-->src\main\AndroidManifest.xml:23:13-27:29
63                <action android:name="android.intent.action.MAIN" />
63-->src\main\AndroidManifest.xml:24:17-69
63-->src\main\AndroidManifest.xml:24:25-66
64
65                <category android:name="android.intent.category.LAUNCHER" />
65-->src\main\AndroidManifest.xml:26:17-77
65-->src\main\AndroidManifest.xml:26:27-74
66            </intent-filter>
67        </activity>
68        <activity
68-->src\main\AndroidManifest.xml:29:9-32:58
69            android:name="com.example.face2face.activities.SignUpActivity"
69-->src\main\AndroidManifest.xml:30:13-54
70            android:screenOrientation="portrait"
70-->src\main\AndroidManifest.xml:31:13-49
71            android:windowSoftInputMode="adjustResize" />
71-->src\main\AndroidManifest.xml:32:13-55
72        <activity
72-->src\main\AndroidManifest.xml:33:9-35:52
73            android:name="com.example.face2face.activities.MainActivity"
73-->src\main\AndroidManifest.xml:34:13-52
74            android:screenOrientation="portrait" />
74-->src\main\AndroidManifest.xml:35:13-49
75
76        <service
76-->src\main\AndroidManifest.xml:37:9-43:19
77            android:name="com.example.face2face.firebase.MyFirebaseMessagingService"
77-->src\main\AndroidManifest.xml:38:13-64
78            android:exported="false" >
78-->src\main\AndroidManifest.xml:39:13-37
79            <intent-filter>
79-->src\main\AndroidManifest.xml:40:13-42:29
80                <action android:name="com.google.firebase.INSTANCE_ID_EVENT" />
80-->src\main\AndroidManifest.xml:41:17-80
80-->src\main\AndroidManifest.xml:41:25-77
81            </intent-filter>
82        </service>
83
84        <activity
84-->[org.jitsi.react:jitsi-meet-sdk:3.10.2] AndroidManifest.xml:36:9-42:58
85            android:name="org.jitsi.meet.sdk.JitsiMeetActivity"
85-->[org.jitsi.react:jitsi-meet-sdk:3.10.2] AndroidManifest.xml:37:13-64
86            android:configChanges="keyboard|keyboardHidden|orientation|screenLayout|screenSize|smallestScreenSize"
86-->[org.jitsi.react:jitsi-meet-sdk:3.10.2] AndroidManifest.xml:38:13-115
87            android:launchMode="singleTask"
87-->[org.jitsi.react:jitsi-meet-sdk:3.10.2] AndroidManifest.xml:39:13-44
88            android:resizeableActivity="true"
88-->[org.jitsi.react:jitsi-meet-sdk:3.10.2] AndroidManifest.xml:40:13-46
89            android:supportsPictureInPicture="true"
89-->[org.jitsi.react:jitsi-meet-sdk:3.10.2] AndroidManifest.xml:41:13-52
90            android:windowSoftInputMode="adjustResize" />
90-->[org.jitsi.react:jitsi-meet-sdk:3.10.2] AndroidManifest.xml:42:13-55
91        <activity android:name="com.facebook.react.devsupport.DevSettingsActivity" />
91-->[org.jitsi.react:jitsi-meet-sdk:3.10.2] AndroidManifest.xml:43:9-86
91-->[org.jitsi.react:jitsi-meet-sdk:3.10.2] AndroidManifest.xml:43:19-83
92
93        <service
93-->[org.jitsi.react:jitsi-meet-sdk:3.10.2] AndroidManifest.xml:45:9-52:19
94            android:name="org.jitsi.meet.sdk.ConnectionService"
94-->[org.jitsi.react:jitsi-meet-sdk:3.10.2] AndroidManifest.xml:46:13-64
95            android:exported="true"
95-->[org.jitsi.react:jitsi-meet-sdk:3.10.2] AndroidManifest.xml:47:13-36
96            android:permission="android.permission.BIND_TELECOM_CONNECTION_SERVICE" >
96-->[org.jitsi.react:jitsi-meet-sdk:3.10.2] AndroidManifest.xml:48:13-84
97            <intent-filter>
97-->[org.jitsi.react:jitsi-meet-sdk:3.10.2] AndroidManifest.xml:49:13-51:29
98                <action android:name="android.telecom.ConnectionService" />
98-->[org.jitsi.react:jitsi-meet-sdk:3.10.2] AndroidManifest.xml:50:17-76
98-->[org.jitsi.react:jitsi-meet-sdk:3.10.2] AndroidManifest.xml:50:25-73
99            </intent-filter>
100        </service>
101        <service
101-->[org.jitsi.react:jitsi-meet-sdk:3.10.2] AndroidManifest.xml:53:9-55:63
102            android:name="org.jitsi.meet.sdk.JitsiMeetOngoingConferenceService"
102-->[org.jitsi.react:jitsi-meet-sdk:3.10.2] AndroidManifest.xml:54:13-80
103            android:foregroundServiceType="mediaProjection" />
103-->[org.jitsi.react:jitsi-meet-sdk:3.10.2] AndroidManifest.xml:55:13-60
104
105        <provider
105-->[org.jitsi.react:jitsi-meet-sdk:3.10.2] AndroidManifest.xml:57:9-62:20
106            android:name="com.reactnativecommunity.webview.RNCWebViewFileProvider"
106-->[org.jitsi.react:jitsi-meet-sdk:3.10.2] AndroidManifest.xml:58:13-83
107            android:authorities="com.example.face2face.fileprovider"
107-->[org.jitsi.react:jitsi-meet-sdk:3.10.2] AndroidManifest.xml:59:13-64
108            android:enabled="false"
108-->[org.jitsi.react:jitsi-meet-sdk:3.10.2] AndroidManifest.xml:60:13-36
109            android:exported="false"
109-->[com.facebook.react:react-native-webview:11.0.2-jitsi-8711917] AndroidManifest.xml:15:13-37
110            android:grantUriPermissions="true" >
110-->[com.facebook.react:react-native-webview:11.0.2-jitsi-8711917] AndroidManifest.xml:16:13-47
111            <meta-data
111-->[com.facebook.react:react-native-webview:11.0.2-jitsi-8711917] AndroidManifest.xml:17:13-19:63
112                android:name="android.support.FILE_PROVIDER_PATHS"
112-->[com.facebook.react:react-native-webview:11.0.2-jitsi-8711917] AndroidManifest.xml:18:17-67
113                android:resource="@xml/file_provider_paths" />
113-->[com.facebook.react:react-native-webview:11.0.2-jitsi-8711917] AndroidManifest.xml:19:17-60
114        </provider>
115        <provider
115-->[com.facebook.react:react-native-performance:2.0.0-jitsi-8711917] AndroidManifest.xml:10:9-13:40
116            android:name="com.oblador.performance.StartTimeProvider"
116-->[com.facebook.react:react-native-performance:2.0.0-jitsi-8711917] AndroidManifest.xml:11:13-69
117            android:authorities="com.example.face2face.start.time.provider"
117-->[com.facebook.react:react-native-performance:2.0.0-jitsi-8711917] AndroidManifest.xml:12:13-71
118            android:exported="false" />
118-->[com.facebook.react:react-native-performance:2.0.0-jitsi-8711917] AndroidManifest.xml:13:13-37
119        <!--
120             FirebaseMessagingService performs security checks at runtime,
121             but set to not exported to explicitly avoid allowing another app to call it.
122        -->
123        <service
123-->[com.google.firebase:firebase-messaging:21.0.1] AndroidManifest.xml:28:9-35:19
124            android:name="com.google.firebase.messaging.FirebaseMessagingService"
124-->[com.google.firebase:firebase-messaging:21.0.1] AndroidManifest.xml:29:13-82
125            android:directBootAware="true"
125-->[com.google.firebase:firebase-messaging:21.0.1] AndroidManifest.xml:30:13-43
126            android:exported="false" >
126-->[com.google.firebase:firebase-messaging:21.0.1] AndroidManifest.xml:31:13-37
127            <intent-filter android:priority="-500" >
127-->[com.google.firebase:firebase-messaging:21.0.1] AndroidManifest.xml:32:13-34:29
127-->[com.google.firebase:firebase-messaging:21.0.1] AndroidManifest.xml:32:28-51
128                <action android:name="com.google.firebase.MESSAGING_EVENT" />
128-->[com.google.firebase:firebase-messaging:21.0.1] AndroidManifest.xml:33:17-78
128-->[com.google.firebase:firebase-messaging:21.0.1] AndroidManifest.xml:33:25-75
129            </intent-filter>
130        </service>
131        <service
131-->[com.google.firebase:firebase-messaging:21.0.1] AndroidManifest.xml:36:9-42:19
132            android:name="com.google.firebase.components.ComponentDiscoveryService"
132-->[com.google.firebase:firebase-messaging:21.0.1] AndroidManifest.xml:37:13-84
133            android:directBootAware="true"
133-->[com.google.firebase:firebase-common:20.1.0] AndroidManifest.xml:35:13-43
134            android:exported="false" >
134-->[com.google.firebase:firebase-messaging:21.0.1] AndroidManifest.xml:38:13-37
135            <meta-data
135-->[com.google.firebase:firebase-messaging:21.0.1] AndroidManifest.xml:39:13-41:85
136                android:name="com.google.firebase.components:com.google.firebase.messaging.FirebaseMessagingRegistrar"
136-->[com.google.firebase:firebase-messaging:21.0.1] AndroidManifest.xml:40:17-119
137                android:value="com.google.firebase.components.ComponentRegistrar" />
137-->[com.google.firebase:firebase-messaging:21.0.1] AndroidManifest.xml:41:17-82
138            <meta-data
138-->[com.google.firebase:firebase-firestore:22.1.0] AndroidManifest.xml:20:13-22:85
139                android:name="com.google.firebase.components:com.google.firebase.firestore.FirestoreRegistrar"
139-->[com.google.firebase:firebase-firestore:22.1.0] AndroidManifest.xml:21:17-111
140                android:value="com.google.firebase.components.ComponentRegistrar" />
140-->[com.google.firebase:firebase-firestore:22.1.0] AndroidManifest.xml:22:17-82
141            <meta-data
141-->[com.google.firebase:firebase-auth:21.0.3] AndroidManifest.xml:67:13-69:85
142                android:name="com.google.firebase.components:com.google.firebase.auth.FirebaseAuthRegistrar"
142-->[com.google.firebase:firebase-auth:21.0.3] AndroidManifest.xml:68:17-109
143                android:value="com.google.firebase.components.ComponentRegistrar" />
143-->[com.google.firebase:firebase-auth:21.0.3] AndroidManifest.xml:69:17-82
144            <meta-data
144-->[com.google.firebase:firebase-datatransport:17.0.10] AndroidManifest.xml:28:13-30:85
145                android:name="com.google.firebase.components:com.google.firebase.datatransport.TransportRegistrar"
145-->[com.google.firebase:firebase-datatransport:17.0.10] AndroidManifest.xml:29:17-115
146                android:value="com.google.firebase.components.ComponentRegistrar" />
146-->[com.google.firebase:firebase-datatransport:17.0.10] AndroidManifest.xml:30:17-82
147            <meta-data
147-->[com.google.firebase:firebase-iid:21.0.1] AndroidManifest.xml:32:13-34:85
148                android:name="com.google.firebase.components:com.google.firebase.iid.Registrar"
148-->[com.google.firebase:firebase-iid:21.0.1] AndroidManifest.xml:33:17-96
149                android:value="com.google.firebase.components.ComponentRegistrar" />
149-->[com.google.firebase:firebase-iid:21.0.1] AndroidManifest.xml:34:17-82
150            <meta-data
150-->[com.google.firebase:firebase-installations:16.3.5] AndroidManifest.xml:18:13-20:85
151                android:name="com.google.firebase.components:com.google.firebase.installations.FirebaseInstallationsRegistrar"
151-->[com.google.firebase:firebase-installations:16.3.5] AndroidManifest.xml:19:17-127
152                android:value="com.google.firebase.components.ComponentRegistrar" />
152-->[com.google.firebase:firebase-installations:16.3.5] AndroidManifest.xml:20:17-82
153        </service>
154
155        <activity
155-->[com.google.firebase:firebase-auth:21.0.3] AndroidManifest.xml:27:9-44:20
156            android:name="com.google.firebase.auth.internal.GenericIdpActivity"
156-->[com.google.firebase:firebase-auth:21.0.3] AndroidManifest.xml:28:13-80
157            android:excludeFromRecents="true"
157-->[com.google.firebase:firebase-auth:21.0.3] AndroidManifest.xml:29:13-46
158            android:exported="true"
158-->[com.google.firebase:firebase-auth:21.0.3] AndroidManifest.xml:30:13-36
159            android:launchMode="singleTask"
159-->[com.google.firebase:firebase-auth:21.0.3] AndroidManifest.xml:31:13-44
160            android:theme="@android:style/Theme.Translucent.NoTitleBar" >
160-->[com.google.firebase:firebase-auth:21.0.3] AndroidManifest.xml:32:13-72
161            <intent-filter>
161-->[com.google.firebase:firebase-auth:21.0.3] AndroidManifest.xml:33:13-43:29
162                <action android:name="android.intent.action.VIEW" />
162-->[com.google.firebase:firebase-auth:21.0.3] AndroidManifest.xml:34:17-69
162-->[com.google.firebase:firebase-auth:21.0.3] AndroidManifest.xml:34:25-66
163
164                <category android:name="android.intent.category.DEFAULT" />
164-->[com.google.firebase:firebase-auth:21.0.3] AndroidManifest.xml:36:17-76
164-->[com.google.firebase:firebase-auth:21.0.3] AndroidManifest.xml:36:27-73
165                <category android:name="android.intent.category.BROWSABLE" />
165-->[com.google.firebase:firebase-auth:21.0.3] AndroidManifest.xml:37:17-78
165-->[com.google.firebase:firebase-auth:21.0.3] AndroidManifest.xml:37:27-75
166
167                <data
167-->[com.google.firebase:firebase-auth:21.0.3] AndroidManifest.xml:39:17-42:51
168                    android:host="firebase.auth"
168-->[com.google.firebase:firebase-auth:21.0.3] AndroidManifest.xml:40:21-49
169                    android:path="/"
169-->[com.google.firebase:firebase-auth:21.0.3] AndroidManifest.xml:41:21-37
170                    android:scheme="genericidp" />
170-->[com.google.firebase:firebase-auth:21.0.3] AndroidManifest.xml:42:21-48
171            </intent-filter>
172        </activity>
173        <activity
173-->[com.google.firebase:firebase-auth:21.0.3] AndroidManifest.xml:45:9-62:20
174            android:name="com.google.firebase.auth.internal.RecaptchaActivity"
174-->[com.google.firebase:firebase-auth:21.0.3] AndroidManifest.xml:46:13-79
175            android:excludeFromRecents="true"
175-->[com.google.firebase:firebase-auth:21.0.3] AndroidManifest.xml:47:13-46
176            android:exported="true"
176-->[com.google.firebase:firebase-auth:21.0.3] AndroidManifest.xml:48:13-36
177            android:launchMode="singleTask"
177-->[com.google.firebase:firebase-auth:21.0.3] AndroidManifest.xml:49:13-44
178            android:theme="@android:style/Theme.Translucent.NoTitleBar" >
178-->[com.google.firebase:firebase-auth:21.0.3] AndroidManifest.xml:50:13-72
179            <intent-filter>
179-->[com.google.firebase:firebase-auth:21.0.3] AndroidManifest.xml:51:13-61:29
180                <action android:name="android.intent.action.VIEW" />
180-->[com.google.firebase:firebase-auth:21.0.3] AndroidManifest.xml:34:17-69
180-->[com.google.firebase:firebase-auth:21.0.3] AndroidManifest.xml:34:25-66
181
182                <category android:name="android.intent.category.DEFAULT" />
182-->[com.google.firebase:firebase-auth:21.0.3] AndroidManifest.xml:36:17-76
182-->[com.google.firebase:firebase-auth:21.0.3] AndroidManifest.xml:36:27-73
183                <category android:name="android.intent.category.BROWSABLE" />
183-->[com.google.firebase:firebase-auth:21.0.3] AndroidManifest.xml:37:17-78
183-->[com.google.firebase:firebase-auth:21.0.3] AndroidManifest.xml:37:27-75
184
185                <data
185-->[com.google.firebase:firebase-auth:21.0.3] AndroidManifest.xml:39:17-42:51
186                    android:host="firebase.auth"
186-->[com.google.firebase:firebase-auth:21.0.3] AndroidManifest.xml:40:21-49
187                    android:path="/"
187-->[com.google.firebase:firebase-auth:21.0.3] AndroidManifest.xml:41:21-37
188                    android:scheme="recaptcha" />
188-->[com.google.firebase:firebase-auth:21.0.3] AndroidManifest.xml:42:21-48
189            </intent-filter>
190        </activity>
191
192        <service
192-->[com.google.android.datatransport:transport-backend-cct:2.3.3] AndroidManifest.xml:29:9-35:19
193            android:name="com.google.android.datatransport.runtime.backends.TransportBackendDiscovery"
193-->[com.google.android.datatransport:transport-backend-cct:2.3.3] AndroidManifest.xml:30:13-103
194            android:exported="false" >
194-->[com.google.android.datatransport:transport-backend-cct:2.3.3] AndroidManifest.xml:31:13-37
195            <meta-data
195-->[com.google.android.datatransport:transport-backend-cct:2.3.3] AndroidManifest.xml:32:13-34:39
196                android:name="backend:com.google.android.datatransport.cct.CctBackendFactory"
196-->[com.google.android.datatransport:transport-backend-cct:2.3.3] AndroidManifest.xml:33:17-94
197                android:value="cct" />
197-->[com.google.android.datatransport:transport-backend-cct:2.3.3] AndroidManifest.xml:34:17-36
198        </service>
199
200        <receiver
200-->[com.google.firebase:firebase-iid:21.0.1] AndroidManifest.xml:37:9-44:20
201            android:name="com.google.firebase.iid.FirebaseInstanceIdReceiver"
201-->[com.google.firebase:firebase-iid:21.0.1] AndroidManifest.xml:38:13-78
202            android:exported="true"
202-->[com.google.firebase:firebase-iid:21.0.1] AndroidManifest.xml:39:13-36
203            android:permission="com.google.android.c2dm.permission.SEND" >
203-->[com.google.firebase:firebase-iid:21.0.1] AndroidManifest.xml:40:13-73
204            <intent-filter>
204-->[com.google.firebase:firebase-iid:21.0.1] AndroidManifest.xml:41:13-43:29
205                <action android:name="com.google.android.c2dm.intent.RECEIVE" />
205-->[com.google.firebase:firebase-iid:21.0.1] AndroidManifest.xml:42:17-81
205-->[com.google.firebase:firebase-iid:21.0.1] AndroidManifest.xml:42:25-78
206            </intent-filter>
207        </receiver>
208
209        <provider
209-->[com.google.firebase:firebase-common:20.1.0] AndroidManifest.xml:26:9-31:39
210            android:name="com.google.firebase.provider.FirebaseInitProvider"
210-->[com.google.firebase:firebase-common:20.1.0] AndroidManifest.xml:27:13-77
211            android:authorities="com.example.face2face.firebaseinitprovider"
211-->[com.google.firebase:firebase-common:20.1.0] AndroidManifest.xml:28:13-72
212            android:directBootAware="true"
212-->[com.google.firebase:firebase-common:20.1.0] AndroidManifest.xml:29:13-43
213            android:exported="false"
213-->[com.google.firebase:firebase-common:20.1.0] AndroidManifest.xml:30:13-37
214            android:initOrder="100" />
214-->[com.google.firebase:firebase-common:20.1.0] AndroidManifest.xml:31:13-36
215
216        <activity
216-->[com.google.android.gms:play-services-auth:17.0.0] AndroidManifest.xml:23:9-27:75
217            android:name="com.google.android.gms.auth.api.signin.internal.SignInHubActivity"
217-->[com.google.android.gms:play-services-auth:17.0.0] AndroidManifest.xml:24:13-93
218            android:excludeFromRecents="true"
218-->[com.google.android.gms:play-services-auth:17.0.0] AndroidManifest.xml:25:13-46
219            android:exported="false"
219-->[com.google.android.gms:play-services-auth:17.0.0] AndroidManifest.xml:26:13-37
220            android:theme="@android:style/Theme.Translucent.NoTitleBar" />
220-->[com.google.android.gms:play-services-auth:17.0.0] AndroidManifest.xml:27:13-72
221        <!--
222            Service handling Google Sign-In user revocation. For apps that do not integrate with
223            Google Sign-In, this service will never be started.
224        -->
225        <service
225-->[com.google.android.gms:play-services-auth:17.0.0] AndroidManifest.xml:33:9-36:110
226            android:name="com.google.android.gms.auth.api.signin.RevocationBoundService"
226-->[com.google.android.gms:play-services-auth:17.0.0] AndroidManifest.xml:34:13-89
227            android:exported="true"
227-->[com.google.android.gms:play-services-auth:17.0.0] AndroidManifest.xml:35:13-36
228            android:permission="com.google.android.gms.auth.api.signin.permission.REVOCATION_NOTIFICATION" />
228-->[com.google.android.gms:play-services-auth:17.0.0] AndroidManifest.xml:36:13-107
229
230        <activity
230-->[com.google.android.gms:play-services-base:17.1.0] AndroidManifest.xml:23:9-26:75
231            android:name="com.google.android.gms.common.api.GoogleApiActivity"
231-->[com.google.android.gms:play-services-base:17.1.0] AndroidManifest.xml:24:13-79
232            android:exported="false"
232-->[com.google.android.gms:play-services-base:17.1.0] AndroidManifest.xml:25:13-37
233            android:theme="@android:style/Theme.Translucent.NoTitleBar" />
233-->[com.google.android.gms:play-services-base:17.1.0] AndroidManifest.xml:26:13-72
234
235        <meta-data
235-->[com.google.android.gms:play-services-basement:18.0.0] AndroidManifest.xml:21:9-23:69
236            android:name="com.google.android.gms.version"
236-->[com.google.android.gms:play-services-basement:18.0.0] AndroidManifest.xml:22:13-58
237            android:value="@integer/google_play_services_version" />
237-->[com.google.android.gms:play-services-basement:18.0.0] AndroidManifest.xml:23:13-66
238
239        <service
239-->[com.google.android.datatransport:transport-runtime:2.2.5] AndroidManifest.xml:26:9-30:19
240            android:name="com.google.android.datatransport.runtime.scheduling.jobscheduling.JobInfoSchedulerService"
240-->[com.google.android.datatransport:transport-runtime:2.2.5] AndroidManifest.xml:27:13-117
241            android:exported="false"
241-->[com.google.android.datatransport:transport-runtime:2.2.5] AndroidManifest.xml:28:13-37
242            android:permission="android.permission.BIND_JOB_SERVICE" >
242-->[com.google.android.datatransport:transport-runtime:2.2.5] AndroidManifest.xml:29:13-69
243        </service>
244
245        <receiver
245-->[com.google.android.datatransport:transport-runtime:2.2.5] AndroidManifest.xml:32:9-34:40
246            android:name="com.google.android.datatransport.runtime.scheduling.jobscheduling.AlarmManagerSchedulerBroadcastReceiver"
246-->[com.google.android.datatransport:transport-runtime:2.2.5] AndroidManifest.xml:33:13-132
247            android:exported="false" />
247-->[com.google.android.datatransport:transport-runtime:2.2.5] AndroidManifest.xml:34:13-37
248    </application>
249
250</manifest>